<?xml version="1.0" encoding="UTF-8"?>
<!-- Generated by org.testng.reporters.JUnitReportReporter -->
<testsuite skipped="0" hostname="DESKTOP-VM1LFPQ" name="co.edureka.pages.TestngAnnotations" tests="1" failures="0" timestamp="2021-09-03T10:48:29 AEST" time="0.005" errors="0">
  <testcase name="afterMethod" time="0.005" classname="co.edureka.pages.TestngAnnotations"/>
  <system-out/>
</testsuite> <!-- co.edureka.pages.TestngAnnotations -->
