<?xml version="1.0" encoding="UTF-8"?>
<!-- Generated by org.testng.reporters.JUnitReportReporter -->
<testsuite skipped="0" hostname="DESKTOP-VM1LFPQ" name="co.edureka.pages.AnnotationExample" tests="1" failures="0" timestamp="2021-09-03T10:48:01 AEST" time="0.032" errors="0">
  <testcase name="verifyHomepageTitle" time="0.032" classname="co.edureka.pages.AnnotationExample"/>
  <system-out/>
</testsuite> <!-- co.edureka.pages.AnnotationExample -->
