<?xml version="1.0" encoding="UTF-8"?>
<!-- Generated by org.testng.reporters.JUnitReportReporter -->
<testsuite skipped="0" hostname="DESKTOP-VM1LFPQ" name="helloworld_maven.TestHelloWorld" tests="1" failures="0" timestamp="2021-09-09T15:59:59 AEST" time="11.796" errors="0">
  <testcase name="testHelloWorld" time="11.796" classname="helloworld_maven.TestHelloWorld"/>
  <system-out/>
</testsuite> <!-- helloworld_maven.TestHelloWorld -->
